<?xml version="1.0" encoding="utf-8"?><testsuites name="pytest tests"><testsuite name="pytest" errors="0" failures="0" skipped="0" tests="19" time="13.038" timestamp="2026-07-26T18:42:23.240088+00:00" hostname="agent-env-a857de63-7f03-4d26-99ab-fc8f402b2881"><testcase classname="tests.test_deallens_backend.TestHealth" name="test_root" time="0.004" /><testcase classname="tests.test_deallens_backend.TestAuthGuard" name="test_requires_auth[POST-/api/scan-payload0]" time="0.042" /><testcase classname="tests.test_deallens_backend.TestAuthGuard" name="test_requires_auth[POST-/api/scan-text-payload1]" time="0.042" /><testcase classname="tests.test_deallens_backend.TestAuthGuard" name="test_requires_auth[GET-/api/scans-None]" time="0.042" /><testcase classname="tests.test_deallens_backend.TestAuthGuard" name="test_requires_auth[GET-/api/scan/nope-None]" time="0.042" /><testcase classname="tests.test_deallens_backend.TestAuthGuard" name="test_requires_auth[POST-/api/analytics/event-payload4]" time="0.043" /><testcase classname="tests.test_deallens_backend.TestAuthGuard" name="test_requires_auth[GET-/api/analytics/stats-None]" time="0.042" /><testcase classname="tests.test_deallens_backend.TestAuthGuard" name="test_invalid_token_rejected" time="0.043" /><testcase classname="tests.test_deallens_backend.TestImageScan" name="test_scan_with_real_image" time="6.631" /><testcase classname="tests.test_deallens_backend.TestImageScan" name="test_get_scan_by_id" time="0.044" /><testcase classname="tests.test_deallens_backend.TestImageScan" name="test_scans_history" time="0.044" /><testcase classname="tests.test_deallens_backend.TestTextScan" name="test_scan_text" time="5.178" /><testcase classname="tests.test_deallens_backend.TestImageValidation" name="test_image_too_small_bytes" time="0.044" /><testcase classname="tests.test_deallens_backend.TestImageValidation" name="test_image_too_small_dimensions" time="0.056" /><testcase classname="tests.test_deallens_backend.TestImageValidation" name="test_invalid_base64" time="0.044" /><testcase classname="tests.test_deallens_backend.TestImageValidation" name="test_corrupt_image_random_bytes" time="0.058" /><testcase classname="tests.test_deallens_backend.TestAnalytics" name="test_track_event" time="0.045" /><testcase classname="tests.test_deallens_backend.TestAnalytics" name="test_track_event_bad_body_400" time="0.042" /><testcase classname="tests.test_deallens_backend.TestAnalytics" name="test_stats" time="0.507" /></testsuite></testsuites>