<?xml version="1.0" encoding="utf-8"?><testsuites name="pytest tests"><testsuite name="pytest" errors="0" failures="2" skipped="1" tests="19" time="5.526" timestamp="2026-07-26T18:37:10.953593+00:00" hostname="agent-env-a857de63-7f03-4d26-99ab-fc8f402b2881"><testcase classname="tests.test_deallens_backend.TestHealth" name="test_root" time="0.003" /><testcase classname="tests.test_deallens_backend.TestAuthGuard" name="test_requires_auth[POST-/api/scan-payload0]" time="0.042" /><testcase classname="tests.test_deallens_backend.TestAuthGuard" name="test_requires_auth[POST-/api/scan-text-payload1]" time="0.042" /><testcase classname="tests.test_deallens_backend.TestAuthGuard" name="test_requires_auth[GET-/api/scans-None]" time="0.041" /><testcase classname="tests.test_deallens_backend.TestAuthGuard" name="test_requires_auth[GET-/api/scan/nope-None]" time="0.042" /><testcase classname="tests.test_deallens_backend.TestAuthGuard" name="test_requires_auth[POST-/api/analytics/event-payload4]" time="0.042" /><testcase classname="tests.test_deallens_backend.TestAuthGuard" name="test_requires_auth[GET-/api/analytics/stats-None]" time="0.043" /><testcase classname="tests.test_deallens_backend.TestAuthGuard" name="test_invalid_token_rejected" time="0.042" /><testcase classname="tests.test_deallens_backend.TestImageScan" name="test_scan_with_real_image" time="1.108"><failure message="AssertionError: expected &gt;=1 alternatives, got 0&#10;assert 0 &gt;= 1&#10; +  where 0 = len([])">backend/tests/test_deallens_backend.py:85: in test_scan_with_real_image
    assert len(alts) &gt;= 1, f"expected &gt;=1 alternatives, got {len(alts)}"
E   AssertionError: expected &gt;=1 alternatives, got 0
E   assert 0 &gt;= 1
E    +  where 0 = len([])</failure></testcase><testcase classname="tests.test_deallens_backend.TestImageScan" name="test_get_scan_by_id" time="0.000"><skipped type="pytest.skip" message="image scan not created">/app/backend/tests/test_deallens_backend.py:103: image scan not created</skipped></testcase><testcase classname="tests.test_deallens_backend.TestImageScan" name="test_scans_history" time="0.044"><failure message="assert False&#10; +  where False = any(&lt;generator object TestImageScan.test_scans_history.&lt;locals&gt;.&lt;genexpr&gt; at 0xfd27f9223b50&gt;)">backend/tests/test_deallens_backend.py:115: in test_scans_history
    assert any(s['scan_id'] == getattr(pytest, 'image_scan_id', None) for s in data)
E   assert False
E    +  where False = any(&lt;generator object TestImageScan.test_scans_history.&lt;locals&gt;.&lt;genexpr&gt; at 0xfd27f9223b50&gt;)</failure></testcase><testcase classname="tests.test_deallens_backend.TestTextScan" name="test_scan_text" time="3.235" /><testcase classname="tests.test_deallens_backend.TestImageValidation" name="test_image_too_small_bytes" time="0.043" /><testcase classname="tests.test_deallens_backend.TestImageValidation" name="test_image_too_small_dimensions" time="0.056" /><testcase classname="tests.test_deallens_backend.TestImageValidation" name="test_invalid_base64" time="0.043" /><testcase classname="tests.test_deallens_backend.TestImageValidation" name="test_corrupt_image_random_bytes" time="0.057" /><testcase classname="tests.test_deallens_backend.TestAnalytics" name="test_track_event" time="0.044" /><testcase classname="tests.test_deallens_backend.TestAnalytics" name="test_track_event_bad_body_400" time="0.042" /><testcase classname="tests.test_deallens_backend.TestAnalytics" name="test_stats" time="0.506" /></testsuite></testsuites>